{"/Users/dvann/Projects/moki-sdk/src/accounts/privateKeyToMokiAccount.ts": {"path":"/Users/dvann/Projects/moki-sdk/src/accounts/privateKeyToMokiAccount.ts","statementMap":{"0":{"start":{"line":6,"column":10},"end":{"line":6,"column":null}},"1":{"start":{"line":8,"column":4},"end":{"line":13,"column":null}},"2":{"start":{"line":12,"column":27},"end":{"line":12,"column":null}}},"fnMap":{"0":{"name":"privateKeyToMokiAccount","decl":{"start":{"line":5,"column":16},"end":{"line":5,"column":40}},"loc":{"start":{"line":5,"column":80},"end":{"line":14,"column":null}},"line":5},"1":{"name":"(anonymous_1)","decl":{"start":{"line":12,"column":26},"end":{"line":12,"column":27}},"loc":{"start":{"line":12,"column":27},"end":{"line":12,"column":null}},"line":12}},"branchMap":{},"s":{"0":79,"1":79,"2":11},"f":{"0":79,"1":11},"b":{},"meta":{"lastBranch":0,"lastFunction":2,"lastStatement":3,"seen":{"f:5:16:5:40":0,"s:6:10:6:Infinity":0,"s:8:4:13:Infinity":1,"f:12:26:12:27":1,"s:12:27:12:Infinity":2}}}
,"/Users/dvann/Projects/moki-sdk/src/data/decryptRPCMessage.ts": {"path":"/Users/dvann/Projects/moki-sdk/src/data/decryptRPCMessage.ts","statementMap":{"0":{"start":{"line":6,"column":30},"end":{"line":6,"column":null}},"1":{"start":{"line":10,"column":21},"end":{"line":10,"column":null}},"2":{"start":{"line":12,"column":19},"end":{"line":12,"column":null}},"3":{"start":{"line":15,"column":22},"end":{"line":15,"column":null}},"4":{"start":{"line":18,"column":27},"end":{"line":18,"column":null}},"5":{"start":{"line":21,"column":17},"end":{"line":21,"column":null}},"6":{"start":{"line":25,"column":10},"end":{"line":25,"column":null}},"7":{"start":{"line":26,"column":10},"end":{"line":29,"column":null}},"8":{"start":{"line":31,"column":4},"end":{"line":31,"column":null}},"9":{"start":{"line":31,"column":47},"end":{"line":31,"column":null}},"10":{"start":{"line":33,"column":4},"end":{"line":48,"column":null}},"11":{"start":{"line":35,"column":33},"end":{"line":35,"column":null}},"12":{"start":{"line":36,"column":35},"end":{"line":36,"column":null}},"13":{"start":{"line":37,"column":12},"end":{"line":41,"column":null}},"14":{"start":{"line":38,"column":16},"end":{"line":38,"column":null}},"15":{"start":{"line":40,"column":16},"end":{"line":40,"column":null}},"16":{"start":{"line":42,"column":12},"end":{"line":46,"column":null}},"17":{"start":{"line":51,"column":4},"end":{"line":57,"column":null}}},"fnMap":{"0":{"name":"decryptRPCMessage","decl":{"start":{"line":8,"column":22},"end":{"line":8,"column":40}},"loc":{"start":{"line":8,"column":214},"end":{"line":58,"column":null}},"line":8}},"branchMap":{"0":{"loc":{"start":{"line":31,"column":4},"end":{"line":31,"column":null}},"type":"if","locations":[{"start":{"line":31,"column":4},"end":{"line":31,"column":null}},{"start":{},"end":{}}],"line":31},"1":{"loc":{"start":{"line":33,"column":4},"end":{"line":48,"column":null}},"type":"switch","locations":[{"start":{"line":34,"column":8},"end":{"line":47,"column":null}}],"line":33}},"s":{"0":2,"1":8,"2":8,"3":8,"4":8,"5":8,"6":8,"7":8,"8":8,"9":1,"10":7,"11":7,"12":7,"13":7,"14":7,"15":1,"16":7,"17":7},"f":{"0":8},"b":{"0":[1,7],"1":[7]},"meta":{"lastBranch":2,"lastFunction":1,"lastStatement":18,"seen":{"s:6:30:6:Infinity":0,"f:8:22:8:40":0,"s:10:21:10:Infinity":1,"s:12:19:12:Infinity":2,"s:15:22:15:Infinity":3,"s:18:27:18:Infinity":4,"s:21:17:21:Infinity":5,"s:25:10:25:Infinity":6,"s:26:10:29:Infinity":7,"b:31:4:31:Infinity:undefined:undefined:undefined:undefined":0,"s:31:4:31:Infinity":8,"s:31:47:31:Infinity":9,"b:34:8:47:Infinity":1,"s:33:4:48:Infinity":10,"s:35:33:35:Infinity":11,"s:36:35:36:Infinity":12,"s:37:12:41:Infinity":13,"s:38:16:38:Infinity":14,"s:40:16:40:Infinity":15,"s:42:12:46:Infinity":16,"s:51:4:57:Infinity":17}}}
,"/Users/dvann/Projects/moki-sdk/src/enum/index.ts": {"path":"/Users/dvann/Projects/moki-sdk/src/enum/index.ts","statementMap":{"0":{"start":{"line":1,"column":7},"end":{"line":1,"column":null}},"1":{"start":{"line":2,"column":4},"end":{"line":2,"column":22}},"2":{"start":{"line":1,"column":12},"end":{"line":1,"column":null}},"3":{"start":{"line":5,"column":7},"end":{"line":5,"column":null}},"4":{"start":{"line":6,"column":4},"end":{"line":6,"column":14}},"5":{"start":{"line":5,"column":12},"end":{"line":5,"column":null}},"6":{"start":{"line":9,"column":7},"end":{"line":9,"column":null}},"7":{"start":{"line":10,"column":4},"end":{"line":10,"column":null}},"8":{"start":{"line":11,"column":4},"end":{"line":11,"column":null}},"9":{"start":{"line":12,"column":4},"end":{"line":12,"column":null}},"10":{"start":{"line":13,"column":4},"end":{"line":13,"column":null}},"11":{"start":{"line":14,"column":4},"end":{"line":14,"column":null}},"12":{"start":{"line":9,"column":12},"end":{"line":9,"column":null}}},"fnMap":{"0":{"name":"(anonymous_0)","decl":{"start":{"line":1,"column":7},"end":{"line":1,"column":12}},"loc":{"start":{"line":1,"column":7},"end":{"line":1,"column":null}},"line":1},"1":{"name":"(anonymous_1)","decl":{"start":{"line":5,"column":7},"end":{"line":5,"column":12}},"loc":{"start":{"line":5,"column":7},"end":{"line":5,"column":null}},"line":5},"2":{"name":"(anonymous_2)","decl":{"start":{"line":9,"column":7},"end":{"line":9,"column":12}},"loc":{"start":{"line":9,"column":7},"end":{"line":9,"column":null}},"line":9}},"branchMap":{"0":{"loc":{"start":{"line":1,"column":12},"end":{"line":1,"column":null}},"type":"binary-expr","locations":[{"start":{"line":1,"column":12},"end":{"line":1,"column":null}},{"start":{"line":1,"column":12},"end":{"line":1,"column":null}}],"line":1},"1":{"loc":{"start":{"line":5,"column":12},"end":{"line":5,"column":null}},"type":"binary-expr","locations":[{"start":{"line":5,"column":12},"end":{"line":5,"column":null}},{"start":{"line":5,"column":12},"end":{"line":5,"column":null}}],"line":5},"2":{"loc":{"start":{"line":9,"column":12},"end":{"line":9,"column":null}},"type":"binary-expr","locations":[{"start":{"line":9,"column":12},"end":{"line":9,"column":null}},{"start":{"line":9,"column":12},"end":{"line":9,"column":null}}],"line":9}},"s":{"0":11,"1":11,"2":11,"3":11,"4":11,"5":11,"6":11,"7":11,"8":11,"9":11,"10":11,"11":11,"12":11},"f":{"0":11,"1":11,"2":11},"b":{"0":[11,11],"1":[11,11],"2":[11,11]},"meta":{"lastBranch":3,"lastFunction":3,"lastStatement":13,"seen":{"s:1:7:1:Infinity":0,"f:1:7:1:12":0,"s:2:4:2:22":1,"s:1:12:1:Infinity":2,"b:1:12:1:Infinity:1:12:1:Infinity":0,"s:5:7:5:Infinity":3,"f:5:7:5:12":1,"s:6:4:6:14":4,"s:5:12:5:Infinity":5,"b:5:12:5:Infinity:5:12:5:Infinity":1,"s:9:7:9:Infinity":6,"f:9:7:9:12":2,"s:10:4:10:Infinity":7,"s:11:4:11:Infinity":8,"s:12:4:12:Infinity":9,"s:13:4:13:Infinity":10,"s:14:4:14:Infinity":11,"s:9:12:9:Infinity":12,"b:9:12:9:Infinity:9:12:9:Infinity":2}}}
,"/Users/dvann/Projects/moki-sdk/src/messaging/createMessageClient.ts": {"path":"/Users/dvann/Projects/moki-sdk/src/messaging/createMessageClient.ts","statementMap":{"0":{"start":{"line":31,"column":10},"end":{"line":31,"column":null}},"1":{"start":{"line":33,"column":4},"end":{"line":33,"column":null}},"2":{"start":{"line":33,"column":87},"end":{"line":33,"column":null}},"3":{"start":{"line":34,"column":41},"end":{"line":34,"column":null}},"4":{"start":{"line":36,"column":36},"end":{"line":47,"column":null}},"5":{"start":{"line":37,"column":8},"end":{"line":46,"column":null}},"6":{"start":{"line":38,"column":29},"end":{"line":38,"column":null}},"7":{"start":{"line":39,"column":12},"end":{"line":39,"column":null}},"8":{"start":{"line":39,"column":40},"end":{"line":39,"column":null}},"9":{"start":{"line":40,"column":12},"end":{"line":40,"column":null}},"10":{"start":{"line":41,"column":12},"end":{"line":41,"column":null}},"11":{"start":{"line":42,"column":12},"end":{"line":42,"column":null}},"12":{"start":{"line":45,"column":12},"end":{"line":45,"column":null}},"13":{"start":{"line":49,"column":35},"end":{"line":53,"column":null}},"14":{"start":{"line":50,"column":14},"end":{"line":50,"column":null}},"15":{"start":{"line":51,"column":31},"end":{"line":51,"column":null}},"16":{"start":{"line":52,"column":8},"end":{"line":52,"column":null}},"17":{"start":{"line":55,"column":4},"end":{"line":154,"column":null}},"18":{"start":{"line":56,"column":24},"end":{"line":56,"column":null}},"19":{"start":{"line":58,"column":38},"end":{"line":58,"column":null}},"20":{"start":{"line":59,"column":18},"end":{"line":59,"column":null}},"21":{"start":{"line":60,"column":18},"end":{"line":60,"column":null}},"22":{"start":{"line":61,"column":31},"end":{"line":61,"column":null}},"23":{"start":{"line":62,"column":37},"end":{"line":62,"column":null}},"24":{"start":{"line":63,"column":18},"end":{"line":63,"column":null}},"25":{"start":{"line":64,"column":31},"end":{"line":64,"column":null}},"26":{"start":{"line":65,"column":18},"end":{"line":65,"column":null}},"27":{"start":{"line":66,"column":29},"end":{"line":66,"column":null}},"28":{"start":{"line":68,"column":37},"end":{"line":68,"column":null}},"29":{"start":{"line":69,"column":12},"end":{"line":69,"column":null}},"30":{"start":{"line":72,"column":12},"end":{"line":79,"column":null}},"31":{"start":{"line":73,"column":33},"end":{"line":73,"column":null}},"32":{"start":{"line":74,"column":16},"end":{"line":74,"column":null}},"33":{"start":{"line":75,"column":16},"end":{"line":75,"column":null}},"34":{"start":{"line":78,"column":16},"end":{"line":78,"column":null}},"35":{"start":{"line":83,"column":33},"end":{"line":83,"column":null}},"36":{"start":{"line":84,"column":18},"end":{"line":84,"column":null}},"37":{"start":{"line":85,"column":18},"end":{"line":85,"column":null}},"38":{"start":{"line":86,"column":40},"end":{"line":86,"column":null}},"39":{"start":{"line":87,"column":39},"end":{"line":87,"column":null}},"40":{"start":{"line":89,"column":29},"end":{"line":89,"column":null}},"41":{"start":{"line":90,"column":38},"end":{"line":90,"column":null}},"42":{"start":{"line":92,"column":31},"end":{"line":92,"column":null}},"43":{"start":{"line":94,"column":12},"end":{"line":96,"column":null}},"44":{"start":{"line":95,"column":16},"end":{"line":95,"column":null}},"45":{"start":{"line":97,"column":12},"end":{"line":100,"column":null}},"46":{"start":{"line":104,"column":34},"end":{"line":104,"column":null}},"47":{"start":{"line":105,"column":27},"end":{"line":105,"column":null}},"48":{"start":{"line":107,"column":25},"end":{"line":146,"column":null}},"49":{"start":{"line":108,"column":16},"end":{"line":145,"column":null}},"50":{"start":{"line":109,"column":20},"end":{"line":142,"column":null}},"51":{"start":{"line":110,"column":45},"end":{"line":110,"column":null}},"52":{"start":{"line":111,"column":30},"end":{"line":111,"column":null}},"53":{"start":{"line":112,"column":30},"end":{"line":112,"column":null}},"54":{"start":{"line":113,"column":52},"end":{"line":113,"column":null}},"55":{"start":{"line":114,"column":51},"end":{"line":118,"column":null}},"56":{"start":{"line":120,"column":24},"end":{"line":139,"column":null}},"57":{"start":{"line":121,"column":54},"end":{"line":121,"column":null}},"58":{"start":{"line":122,"column":47},"end":{"line":122,"column":null}},"59":{"start":{"line":125,"column":28},"end":{"line":125,"column":null}},"60":{"start":{"line":127,"column":28},"end":{"line":134,"column":null}},"61":{"start":{"line":128,"column":32},"end":{"line":133,"column":null}},"62":{"start":{"line":129,"column":61},"end":{"line":129,"column":null}},"63":{"start":{"line":130,"column":36},"end":{"line":130,"column":null}},"64":{"start":{"line":132,"column":36},"end":{"line":132,"column":null}},"65":{"start":{"line":136,"column":28},"end":{"line":138,"column":null}},"66":{"start":{"line":137,"column":32},"end":{"line":137,"column":null}},"67":{"start":{"line":141,"column":24},"end":{"line":141,"column":null}},"68":{"start":{"line":144,"column":20},"end":{"line":144,"column":null}},"69":{"start":{"line":144,"column":49},"end":{"line":144,"column":74}},"70":{"start":{"line":148,"column":12},"end":{"line":148,"column":null}},"71":{"start":{"line":150,"column":12},"end":{"line":152,"column":null}},"72":{"start":{"line":151,"column":16},"end":{"line":151,"column":null}}},"fnMap":{"0":{"name":"createMessageClient","decl":{"start":{"line":29,"column":16},"end":{"line":29,"column":36}},"loc":{"start":{"line":29,"column":106},"end":{"line":155,"column":null}},"line":29},"1":{"name":"(anonymous_1)","decl":{"start":{"line":36,"column":36},"end":{"line":36,"column":43}},"loc":{"start":{"line":36,"column":90},"end":{"line":47,"column":null}},"line":36},"2":{"name":"(anonymous_2)","decl":{"start":{"line":49,"column":35},"end":{"line":49,"column":71}},"loc":{"start":{"line":49,"column":71},"end":{"line":53,"column":null}},"line":49},"3":{"name":"(anonymous_3)","decl":{"start":{"line":56,"column":18},"end":{"line":56,"column":24}},"loc":{"start":{"line":56,"column":24},"end":{"line":56,"column":null}},"line":56},"4":{"name":"(anonymous_4)","decl":{"start":{"line":57,"column":21},"end":{"line":57,"column":28}},"loc":{"start":{"line":57,"column":50},"end":{"line":70,"column":null}},"line":57},"5":{"name":"(anonymous_5)","decl":{"start":{"line":71,"column":32},"end":{"line":71,"column":39}},"loc":{"start":{"line":71,"column":51},"end":{"line":80,"column":null}},"line":71},"6":{"name":"(anonymous_6)","decl":{"start":{"line":82,"column":23},"end":{"line":82,"column":30}},"loc":{"start":{"line":82,"column":43},"end":{"line":102,"column":null}},"line":82},"7":{"name":"(anonymous_7)","decl":{"start":{"line":103,"column":19},"end":{"line":103,"column":20}},"loc":{"start":{"line":103,"column":52},"end":{"line":153,"column":null}},"line":103},"8":{"name":"(anonymous_8)","decl":{"start":{"line":107,"column":25},"end":{"line":107,"column":37}},"loc":{"start":{"line":107,"column":37},"end":{"line":146,"column":null}},"line":107},"9":{"name":"(anonymous_9)","decl":{"start":{"line":144,"column":38},"end":{"line":144,"column":49}},"loc":{"start":{"line":144,"column":49},"end":{"line":144,"column":74}},"line":144},"10":{"name":"(anonymous_10)","decl":{"start":{"line":150,"column":19},"end":{"line":150,"column":25}},"loc":{"start":{"line":150,"column":25},"end":{"line":152,"column":null}},"line":150}},"branchMap":{"0":{"loc":{"start":{"line":33,"column":4},"end":{"line":33,"column":null}},"type":"if","locations":[{"start":{"line":33,"column":4},"end":{"line":33,"column":null}},{"start":{},"end":{}}],"line":33},"1":{"loc":{"start":{"line":33,"column":8},"end":{"line":33,"column":87}},"type":"binary-expr","locations":[{"start":{"line":33,"column":8},"end":{"line":33,"column":60}},{"start":{"line":33,"column":60},"end":{"line":33,"column":87}}],"line":33},"2":{"loc":{"start":{"line":34,"column":41},"end":{"line":34,"column":null}},"type":"cond-expr","locations":[{"start":{"line":34,"column":83},"end":{"line":34,"column":101}},{"start":{"line":34,"column":101},"end":{"line":34,"column":null}}],"line":34},"3":{"loc":{"start":{"line":37,"column":8},"end":{"line":46,"column":null}},"type":"if","locations":[{"start":{"line":37,"column":8},"end":{"line":46,"column":null}},{"start":{"line":44,"column":13},"end":{"line":46,"column":null}}],"line":37},"4":{"loc":{"start":{"line":39,"column":12},"end":{"line":39,"column":null}},"type":"if","locations":[{"start":{"line":39,"column":12},"end":{"line":39,"column":null}},{"start":{},"end":{}}],"line":39},"5":{"loc":{"start":{"line":72,"column":12},"end":{"line":79,"column":null}},"type":"if","locations":[{"start":{"line":72,"column":12},"end":{"line":79,"column":null}},{"start":{"line":77,"column":17},"end":{"line":79,"column":null}}],"line":72},"6":{"loc":{"start":{"line":120,"column":24},"end":{"line":139,"column":null}},"type":"if","locations":[{"start":{"line":120,"column":24},"end":{"line":139,"column":null}},{"start":{},"end":{}}],"line":120},"7":{"loc":{"start":{"line":136,"column":28},"end":{"line":138,"column":null}},"type":"if","locations":[{"start":{"line":136,"column":28},"end":{"line":138,"column":null}},{"start":{},"end":{}}],"line":136}},"s":{"0":10,"1":10,"2":1,"3":9,"4":10,"5":6,"6":5,"7":5,"8":2,"9":3,"10":3,"11":3,"12":1,"13":10,"14":1,"15":1,"16":1,"17":10,"18":1,"19":1,"20":1,"21":1,"22":1,"23":1,"24":1,"25":1,"26":1,"27":1,"28":1,"29":1,"30":2,"31":1,"32":1,"33":1,"34":1,"35":1,"36":1,"37":1,"38":1,"39":1,"40":1,"41":1,"42":1,"43":1,"44":2,"45":1,"46":2,"47":2,"48":2,"49":2,"50":2,"51":2,"52":0,"53":0,"54":0,"55":0,"56":0,"57":0,"58":0,"59":0,"60":0,"61":0,"62":0,"63":0,"64":0,"65":0,"66":0,"67":2,"68":2,"69":2,"70":2,"71":2,"72":2},"f":{"0":10,"1":6,"2":1,"3":1,"4":1,"5":2,"6":1,"7":2,"8":2,"9":2,"10":2},"b":{"0":[1,9],"1":[10,2],"2":[8,1],"3":[5,1],"4":[2,3],"5":[1,1],"6":[0,0],"7":[0,0]},"meta":{"lastBranch":8,"lastFunction":11,"lastStatement":73,"seen":{"f:29:16:29:36":0,"s:31:10:31:Infinity":0,"b:33:4:33:Infinity:undefined:undefined:undefined:undefined":0,"s:33:4:33:Infinity":1,"b:33:8:33:60:33:60:33:87":1,"s:33:87:33:Infinity":2,"s:34:41:34:Infinity":3,"b:34:83:34:101:34:101:34:Infinity":2,"s:36:36:47:Infinity":4,"f:36:36:36:43":1,"b:37:8:46:Infinity:44:13:46:Infinity":3,"s:37:8:46:Infinity":5,"s:38:29:38:Infinity":6,"b:39:12:39:Infinity:undefined:undefined:undefined:undefined":4,"s:39:12:39:Infinity":7,"s:39:40:39:Infinity":8,"s:40:12:40:Infinity":9,"s:41:12:41:Infinity":10,"s:42:12:42:Infinity":11,"s:45:12:45:Infinity":12,"s:49:35:53:Infinity":13,"f:49:35:49:71":2,"s:50:14:50:Infinity":14,"s:51:31:51:Infinity":15,"s:52:8:52:Infinity":16,"s:55:4:154:Infinity":17,"f:56:18:56:24":3,"s:56:24:56:Infinity":18,"f:57:21:57:28":4,"s:58:38:58:Infinity":19,"s:59:18:59:Infinity":20,"s:60:18:60:Infinity":21,"s:61:31:61:Infinity":22,"s:62:37:62:Infinity":23,"s:63:18:63:Infinity":24,"s:64:31:64:Infinity":25,"s:65:18:65:Infinity":26,"s:66:29:66:Infinity":27,"s:68:37:68:Infinity":28,"s:69:12:69:Infinity":29,"f:71:32:71:39":5,"b:72:12:79:Infinity:77:17:79:Infinity":5,"s:72:12:79:Infinity":30,"s:73:33:73:Infinity":31,"s:74:16:74:Infinity":32,"s:75:16:75:Infinity":33,"s:78:16:78:Infinity":34,"f:82:23:82:30":6,"s:83:33:83:Infinity":35,"s:84:18:84:Infinity":36,"s:85:18:85:Infinity":37,"s:86:40:86:Infinity":38,"s:87:39:87:Infinity":39,"s:89:29:89:Infinity":40,"s:90:38:90:Infinity":41,"s:92:31:92:Infinity":42,"s:94:12:96:Infinity":43,"s:95:16:95:Infinity":44,"s:97:12:100:Infinity":45,"f:103:19:103:20":7,"s:104:34:104:Infinity":46,"s:105:27:105:Infinity":47,"s:107:25:146:Infinity":48,"f:107:25:107:37":8,"s:108:16:145:Infinity":49,"s:109:20:142:Infinity":50,"s:110:45:110:Infinity":51,"s:111:30:111:Infinity":52,"s:112:30:112:Infinity":53,"s:113:52:113:Infinity":54,"s:114:51:118:Infinity":55,"b:120:24:139:Infinity:undefined:undefined:undefined:undefined":6,"s:120:24:139:Infinity":56,"s:121:54:121:Infinity":57,"s:122:47:122:Infinity":58,"s:125:28:125:Infinity":59,"s:127:28:134:Infinity":60,"s:128:32:133:Infinity":61,"s:129:61:129:Infinity":62,"s:130:36:130:Infinity":63,"s:132:36:132:Infinity":64,"b:136:28:138:Infinity:undefined:undefined:undefined:undefined":7,"s:136:28:138:Infinity":65,"s:137:32:137:Infinity":66,"s:141:24:141:Infinity":67,"s:144:20:144:Infinity":68,"f:144:38:144:49":9,"s:144:49:144:74":69,"s:148:12:148:Infinity":70,"s:150:12:152:Infinity":71,"f:150:19:150:25":10,"s:151:16:151:Infinity":72}}}
,"/Users/dvann/Projects/moki-sdk/src/persistor/index.ts": {"path":"/Users/dvann/Projects/moki-sdk/src/persistor/index.ts","statementMap":{},"fnMap":{},"branchMap":{},"s":{},"f":{},"b":{},"meta":{"lastBranch":0,"lastFunction":0,"lastStatement":0,"seen":{}}}
,"/Users/dvann/Projects/moki-sdk/src/persistor/memory.ts": {"path":"/Users/dvann/Projects/moki-sdk/src/persistor/memory.ts","statementMap":{"0":{"start":{"line":9,"column":18},"end":{"line":9,"column":null}},"1":{"start":{"line":11,"column":4},"end":{"line":27,"column":null}},"2":{"start":{"line":13,"column":12},"end":{"line":13,"column":null}},"3":{"start":{"line":16,"column":12},"end":{"line":16,"column":null}},"4":{"start":{"line":19,"column":12},"end":{"line":19,"column":null}},"5":{"start":{"line":22,"column":12},"end":{"line":22,"column":null}},"6":{"start":{"line":25,"column":12},"end":{"line":25,"column":null}}},"fnMap":{"0":{"name":"createMemoryPersistor","decl":{"start":{"line":6,"column":16},"end":{"line":6,"column":null}},"loc":{"start":{"line":8,"column":18},"end":{"line":28,"column":null}},"line":8},"1":{"name":"(anonymous_1)","decl":{"start":{"line":12,"column":8},"end":{"line":12,"column":31}},"loc":{"start":{"line":12,"column":57},"end":{"line":14,"column":null}},"line":12},"2":{"name":"(anonymous_2)","decl":{"start":{"line":15,"column":8},"end":{"line":15,"column":31}},"loc":{"start":{"line":15,"column":58},"end":{"line":17,"column":null}},"line":15},"3":{"name":"(anonymous_3)","decl":{"start":{"line":18,"column":8},"end":{"line":18,"column":31}},"loc":{"start":{"line":18,"column":48},"end":{"line":20,"column":null}},"line":18},"4":{"name":"(anonymous_4)","decl":{"start":{"line":21,"column":8},"end":{"line":21,"column":34}},"loc":{"start":{"line":21,"column":48},"end":{"line":23,"column":null}},"line":21},"5":{"name":"(anonymous_5)","decl":{"start":{"line":24,"column":8},"end":{"line":24,"column":22}},"loc":{"start":{"line":24,"column":22},"end":{"line":26,"column":null}},"line":24}},"branchMap":{},"s":{"0":28,"1":28,"2":16,"3":25,"4":21,"5":2,"6":2},"f":{"0":28,"1":16,"2":25,"3":21,"4":2,"5":2},"b":{},"meta":{"lastBranch":0,"lastFunction":6,"lastStatement":7,"seen":{"f:6:16:6:Infinity":0,"s:9:18:9:Infinity":0,"s:11:4:27:Infinity":1,"f:12:8:12:31":1,"s:13:12:13:Infinity":2,"f:15:8:15:31":2,"s:16:12:16:Infinity":3,"f:18:8:18:31":3,"s:19:12:19:Infinity":4,"f:21:8:21:34":4,"s:22:12:22:Infinity":5,"f:24:8:24:22":5,"s:25:12:25:Infinity":6}}}
,"/Users/dvann/Projects/moki-sdk/src/persistor/types.ts": {"path":"/Users/dvann/Projects/moki-sdk/src/persistor/types.ts","statementMap":{},"fnMap":{},"branchMap":{},"s":{},"f":{},"b":{},"meta":{"lastBranch":0,"lastFunction":0,"lastStatement":0,"seen":{}}}
,"/Users/dvann/Projects/moki-sdk/src/provider/createProvider.ts": {"path":"/Users/dvann/Projects/moki-sdk/src/provider/createProvider.ts","statementMap":{"0":{"start":{"line":12,"column":4},"end":{"line":39,"column":null}},"1":{"start":{"line":14,"column":41},"end":{"line":16,"column":null}},"2":{"start":{"line":18,"column":12},"end":{"line":20,"column":null}},"3":{"start":{"line":19,"column":16},"end":{"line":19,"column":null}},"4":{"start":{"line":22,"column":29},"end":{"line":31,"column":null}},"5":{"start":{"line":33,"column":25},"end":{"line":33,"column":null}},"6":{"start":{"line":35,"column":12},"end":{"line":35,"column":null}},"7":{"start":{"line":35,"column":28},"end":{"line":35,"column":null}},"8":{"start":{"line":37,"column":12},"end":{"line":37,"column":null}}},"fnMap":{"0":{"name":"createProvider","decl":{"start":{"line":11,"column":16},"end":{"line":11,"column":31}},"loc":{"start":{"line":11,"column":61},"end":{"line":40,"column":null}},"line":11},"1":{"name":"(anonymous_1)","decl":{"start":{"line":13,"column":14},"end":{"line":13,"column":22}},"loc":{"start":{"line":13,"column":68},"end":{"line":38,"column":null}},"line":13}},"branchMap":{"0":{"loc":{"start":{"line":13,"column":32},"end":{"line":13,"column":45}},"type":"default-arg","locations":[{"start":{"line":13,"column":41},"end":{"line":13,"column":45}}],"line":13},"1":{"loc":{"start":{"line":18,"column":12},"end":{"line":20,"column":null}},"type":"if","locations":[{"start":{"line":18,"column":12},"end":{"line":20,"column":null}},{"start":{},"end":{}}],"line":18},"2":{"loc":{"start":{"line":35,"column":12},"end":{"line":35,"column":null}},"type":"if","locations":[{"start":{"line":35,"column":12},"end":{"line":35,"column":null}},{"start":{},"end":{}}],"line":35}},"s":{"0":6,"1":5,"2":5,"3":1,"4":5,"5":5,"6":5,"7":1,"8":4},"f":{"0":6,"1":5},"b":{"0":[5],"1":[1,4],"2":[1,4]},"meta":{"lastBranch":3,"lastFunction":2,"lastStatement":9,"seen":{"f:11:16:11:31":0,"s:12:4:39:Infinity":0,"f:13:14:13:22":1,"b:13:41:13:45":0,"s:14:41:16:Infinity":1,"b:18:12:20:Infinity:undefined:undefined:undefined:undefined":1,"s:18:12:20:Infinity":2,"s:19:16:19:Infinity":3,"s:22:29:31:Infinity":4,"s:33:25:33:Infinity":5,"b:35:12:35:Infinity:undefined:undefined:undefined:undefined":2,"s:35:12:35:Infinity":6,"s:35:28:35:Infinity":7,"s:37:12:37:Infinity":8}}}
,"/Users/dvann/Projects/moki-sdk/src/scale/serializeAuthorizationHeader.ts": {"path":"/Users/dvann/Projects/moki-sdk/src/scale/serializeAuthorizationHeader.ts","statementMap":{"0":{"start":{"line":15,"column":20},"end":{"line":15,"column":null}},"1":{"start":{"line":16,"column":35},"end":{"line":16,"column":null}},"2":{"start":{"line":19,"column":28},"end":{"line":19,"column":null}},"3":{"start":{"line":20,"column":26},"end":{"line":20,"column":null}},"4":{"start":{"line":21,"column":4},"end":{"line":21,"column":null}},"5":{"start":{"line":24,"column":27},"end":{"line":24,"column":null}},"6":{"start":{"line":27,"column":10},"end":{"line":27,"column":null}},"7":{"start":{"line":28,"column":4},"end":{"line":30,"column":null}},"8":{"start":{"line":29,"column":8},"end":{"line":29,"column":null}},"9":{"start":{"line":32,"column":20},"end":{"line":36,"column":null}},"10":{"start":{"line":38,"column":4},"end":{"line":38,"column":null}}},"fnMap":{"0":{"name":"serializeAuthorizationHeader","decl":{"start":{"line":4,"column":16},"end":{"line":4,"column":45}},"loc":{"start":{"line":12,"column":15},"end":{"line":39,"column":null}},"line":12}},"branchMap":{"0":{"loc":{"start":{"line":28,"column":4},"end":{"line":30,"column":null}},"type":"if","locations":[{"start":{"line":28,"column":4},"end":{"line":30,"column":null}},{"start":{},"end":{}}],"line":28}},"s":{"0":18,"1":18,"2":18,"3":18,"4":18,"5":18,"6":18,"7":18,"8":1,"9":17,"10":17},"f":{"0":18},"b":{"0":[1,17]},"meta":{"lastBranch":1,"lastFunction":1,"lastStatement":11,"seen":{"f:4:16:4:45":0,"s:15:20:15:Infinity":0,"s:16:35:16:Infinity":1,"s:19:28:19:Infinity":2,"s:20:26:20:Infinity":3,"s:21:4:21:Infinity":4,"s:24:27:24:Infinity":5,"s:27:10:27:Infinity":6,"b:28:4:30:Infinity:undefined:undefined:undefined:undefined":0,"s:28:4:30:Infinity":7,"s:29:8:29:Infinity":8,"s:32:20:36:Infinity":9,"s:38:4:38:Infinity":10}}}
,"/Users/dvann/Projects/moki-sdk/src/scale/serializeMessageProof.ts": {"path":"/Users/dvann/Projects/moki-sdk/src/scale/serializeMessageProof.ts","statementMap":{"0":{"start":{"line":6,"column":13},"end":{"line":10,"column":null}},"1":{"start":{"line":18,"column":10},"end":{"line":18,"column":null}},"2":{"start":{"line":19,"column":4},"end":{"line":21,"column":null}},"3":{"start":{"line":20,"column":8},"end":{"line":20,"column":null}},"4":{"start":{"line":24,"column":10},"end":{"line":24,"column":null}},"5":{"start":{"line":26,"column":30},"end":{"line":30,"column":null}},"6":{"start":{"line":32,"column":28},"end":{"line":32,"column":null}},"7":{"start":{"line":34,"column":4},"end":{"line":34,"column":null}}},"fnMap":{"0":{"name":"serializeMessageProof","decl":{"start":{"line":12,"column":16},"end":{"line":12,"column":38}},"loc":{"start":{"line":15,"column":15},"end":{"line":35,"column":null}},"line":15}},"branchMap":{"0":{"loc":{"start":{"line":19,"column":4},"end":{"line":21,"column":null}},"type":"if","locations":[{"start":{"line":19,"column":4},"end":{"line":21,"column":null}},{"start":{},"end":{}}],"line":19}},"s":{"0":3,"1":34,"2":34,"3":1,"4":33,"5":33,"6":33,"7":33},"f":{"0":34},"b":{"0":[1,33]},"meta":{"lastBranch":1,"lastFunction":1,"lastStatement":8,"seen":{"s:6:13:10:Infinity":0,"f:12:16:12:38":0,"s:18:10:18:Infinity":1,"b:19:4:21:Infinity:undefined:undefined:undefined:undefined":0,"s:19:4:21:Infinity":2,"s:20:8:20:Infinity":3,"s:24:10:24:Infinity":4,"s:26:30:30:Infinity":5,"s:32:28:32:Infinity":6,"s:34:4:34:Infinity":7}}}
,"/Users/dvann/Projects/moki-sdk/src/scale/codec/authorizationHeader.ts": {"path":"/Users/dvann/Projects/moki-sdk/src/scale/codec/authorizationHeader.ts","statementMap":{"0":{"start":{"line":3,"column":13},"end":{"line":7,"column":null}}},"fnMap":{},"branchMap":{},"s":{"0":2},"f":{},"b":{},"meta":{"lastBranch":0,"lastFunction":0,"lastStatement":1,"seen":{"s:3:13:7:Infinity":0}}}
,"/Users/dvann/Projects/moki-sdk/src/scale/codec/messageV1.ts": {"path":"/Users/dvann/Projects/moki-sdk/src/scale/codec/messageV1.ts","statementMap":{"0":{"start":{"line":4,"column":13},"end":{"line":8,"column":null}}},"fnMap":{},"branchMap":{},"s":{"0":2},"f":{},"b":{},"meta":{"lastBranch":0,"lastFunction":0,"lastStatement":1,"seen":{"s:4:13:8:Infinity":0}}}
,"/Users/dvann/Projects/moki-sdk/src/utils/compressPublicKey.ts": {"path":"/Users/dvann/Projects/moki-sdk/src/utils/compressPublicKey.ts","statementMap":{"0":{"start":{"line":5,"column":18},"end":{"line":5,"column":null}},"1":{"start":{"line":6,"column":4},"end":{"line":6,"column":null}}},"fnMap":{"0":{"name":"compressPublicKey","decl":{"start":{"line":4,"column":16},"end":{"line":4,"column":34}},"loc":{"start":{"line":4,"column":81},"end":{"line":7,"column":null}},"line":4}},"branchMap":{},"s":{"0":12,"1":12},"f":{"0":12},"b":{},"meta":{"lastBranch":0,"lastFunction":1,"lastStatement":2,"seen":{"f:4:16:4:34":0,"s:5:18:5:Infinity":0,"s:6:4:6:Infinity":1}}}
,"/Users/dvann/Projects/moki-sdk/src/utils/decompressPublicKey.ts": {"path":"/Users/dvann/Projects/moki-sdk/src/utils/decompressPublicKey.ts","statementMap":{"0":{"start":{"line":5,"column":18},"end":{"line":5,"column":null}},"1":{"start":{"line":6,"column":4},"end":{"line":6,"column":null}}},"fnMap":{"0":{"name":"decompressPublicKey","decl":{"start":{"line":4,"column":16},"end":{"line":4,"column":36}},"loc":{"start":{"line":4,"column":81},"end":{"line":7,"column":null}},"line":4}},"branchMap":{},"s":{"0":9,"1":9},"f":{"0":9},"b":{},"meta":{"lastBranch":0,"lastFunction":1,"lastStatement":2,"seen":{"f:4:16:4:36":0,"s:5:18:5:Infinity":0,"s:6:4:6:Infinity":1}}}
,"/Users/dvann/Projects/moki-sdk/src/utils/crypto/decryptWithECDHSecret.ts": {"path":"/Users/dvann/Projects/moki-sdk/src/utils/crypto/decryptWithECDHSecret.ts","statementMap":{"0":{"start":{"line":7,"column":18},"end":{"line":7,"column":null}},"1":{"start":{"line":8,"column":19},"end":{"line":8,"column":null}},"2":{"start":{"line":9,"column":22},"end":{"line":9,"column":null}},"3":{"start":{"line":11,"column":10},"end":{"line":11,"column":null}},"4":{"start":{"line":12,"column":10},"end":{"line":12,"column":null}},"5":{"start":{"line":13,"column":10},"end":{"line":13,"column":null}},"6":{"start":{"line":16,"column":26},"end":{"line":16,"column":null}},"7":{"start":{"line":17,"column":4},"end":{"line":17,"column":null}},"8":{"start":{"line":18,"column":4},"end":{"line":18,"column":null}},"9":{"start":{"line":20,"column":16},"end":{"line":26,"column":null}},"10":{"start":{"line":28,"column":22},"end":{"line":35,"column":null}},"11":{"start":{"line":37,"column":4},"end":{"line":37,"column":null}}},"fnMap":{"0":{"name":"decryptWithEDCHSecret","decl":{"start":{"line":3,"column":22},"end":{"line":3,"column":null}},"loc":{"start":{"line":6,"column":2},"end":{"line":38,"column":null}},"line":6}},"branchMap":{},"s":{"0":48,"1":48,"2":48,"3":48,"4":48,"5":48,"6":48,"7":48,"8":48,"9":48,"10":48,"11":39},"f":{"0":48},"b":{},"meta":{"lastBranch":0,"lastFunction":1,"lastStatement":12,"seen":{"f:3:22:3:Infinity":0,"s:7:18:7:Infinity":0,"s:8:19:8:Infinity":1,"s:9:22:9:Infinity":2,"s:11:10:11:Infinity":3,"s:12:10:12:Infinity":4,"s:13:10:13:Infinity":5,"s:16:26:16:Infinity":6,"s:17:4:17:Infinity":7,"s:18:4:18:Infinity":8,"s:20:16:26:Infinity":9,"s:28:22:35:Infinity":10,"s:37:4:37:Infinity":11}}}
,"/Users/dvann/Projects/moki-sdk/src/utils/crypto/deriveECDHSecret.ts": {"path":"/Users/dvann/Projects/moki-sdk/src/utils/crypto/deriveECDHSecret.ts","statementMap":{"0":{"start":{"line":5,"column":22},"end":{"line":9,"column":null}},"1":{"start":{"line":12,"column":19},"end":{"line":12,"column":null}},"2":{"start":{"line":14,"column":4},"end":{"line":14,"column":null}}},"fnMap":{"0":{"name":"deriveECDHSecret","decl":{"start":{"line":4,"column":22},"end":{"line":4,"column":39}},"loc":{"start":{"line":4,"column":98},"end":{"line":15,"column":null}},"line":4}},"branchMap":{},"s":{"0":81,"1":81,"2":81},"f":{"0":81},"b":{},"meta":{"lastBranch":0,"lastFunction":1,"lastStatement":3,"seen":{"f:4:22:4:39":0,"s:5:22:9:Infinity":0,"s:12:19:12:Infinity":1,"s:14:4:14:Infinity":2}}}
,"/Users/dvann/Projects/moki-sdk/src/utils/crypto/encryptWithECDHSecret.ts": {"path":"/Users/dvann/Projects/moki-sdk/src/utils/crypto/encryptWithECDHSecret.ts","statementMap":{"0":{"start":{"line":7,"column":15},"end":{"line":7,"column":null}},"1":{"start":{"line":8,"column":10},"end":{"line":8,"column":null}},"2":{"start":{"line":11,"column":16},"end":{"line":17,"column":null}},"3":{"start":{"line":20,"column":28},"end":{"line":28,"column":null}},"4":{"start":{"line":30,"column":27},"end":{"line":30,"column":null}},"5":{"start":{"line":33,"column":23},"end":{"line":33,"column":null}},"6":{"start":{"line":34,"column":20},"end":{"line":34,"column":null}},"7":{"start":{"line":36,"column":10},"end":{"line":37,"column":null}},"8":{"start":{"line":39,"column":4},"end":{"line":39,"column":null}}},"fnMap":{"0":{"name":"encryptWithECDHSecret","decl":{"start":{"line":3,"column":22},"end":{"line":3,"column":null}},"loc":{"start":{"line":6,"column":2},"end":{"line":40,"column":null}},"line":6}},"branchMap":{},"s":{"0":162,"1":162,"2":162,"3":162,"4":162,"5":162,"6":162,"7":162,"8":162},"f":{"0":162},"b":{},"meta":{"lastBranch":0,"lastFunction":1,"lastStatement":9,"seen":{"f:3:22:3:Infinity":0,"s:7:15:7:Infinity":0,"s:8:10:8:Infinity":1,"s:11:16:17:Infinity":2,"s:20:28:28:Infinity":3,"s:30:27:30:Infinity":4,"s:33:23:33:Infinity":5,"s:34:20:34:Infinity":6,"s:36:10:37:Infinity":7,"s:39:4:39:Infinity":8}}}
}
